1544695570285	geckodriver	INFO	geckodriver 0.19.1
1544695570301	geckodriver	INFO	Listening on 127.0.0.1:56300
1544695572448	mozrunner::runner	INFO	Running command: "e:\\Program Files\\Mozilla Firefox\\firefox.exe" "-marionette" "-profile" "C:\\Users\\fhtie\\AppData\\Local\\Temp\\rust_mozprofile.U56IXdcnM5Kd"
1544695574588	addons.webextension.screenshots@mozilla.org	WARN	Loading extension 'screenshots@mozilla.org': Reading manifest: Invalid host permission: resource://pdf.js/
1544695574588	addons.webextension.screenshots@mozilla.org	WARN	Loading extension 'screenshots@mozilla.org': Reading manifest: Invalid host permission: about:reader*
1544695574817	Marionette	DEBUG	Received observer notification profile-after-change
1544695574945	Marionette	DEBUG	Received observer notification toplevel-window-ready
1544695575005	Marionette	DEBUG	Received observer notification command-line-startup
1544695575005	Marionette	DEBUG	Received observer notification nsPref:changed
1544695575005	Marionette	DEBUG	Init aborted (running=false, enabled=true, finalUIStartup=false)
1544695575152	Marionette	DEBUG	Received observer notification toplevel-window-ready
1544695576915	Marionette	DEBUG	Received observer notification sessionstore-windows-restored
1544695576916	Marionette	DEBUG	Waiting for delayed startup...
1544695577230	Marionette	DEBUG	Setting recommended pref app.update.disabledForTesting to true
1544695577230	Marionette	DEBUG	Setting recommended pref security.turn_off_all_security_so_that_viruses_can_take_over_this_computer to true
1544695577230	Marionette	DEBUG	Setting recommended pref browser.contentblocking.introCount to 99
1544695577231	Marionette	DEBUG	Setting recommended pref datareporting.policy.dataSubmissionPolicyAccepted to false
1544695577231	Marionette	DEBUG	Setting recommended pref dom.disable_beforeunload to true
1544695577232	Marionette	DEBUG	Setting recommended pref toolkit.cosmeticAnimations.enabled to false
1544695577293	Marionette	INFO	Listening on port 56309
1544695577293	Marionette	DEBUG	Remote service is active
1544695577874	Marionette	DEBUG	Accepted connection 0 from 127.0.0.1:56337
1544695577877	Marionette	TRACE	0 -> [0,1,"newSession",{"acceptInsecureCerts":true,"browserName":"firefox","capabilities":{"desiredCapabilities":{"acceptInsecureCerts":true,"browserName":"firefox"}}}]
1544695577877	Marionette	TRACE	0 <- [1,1,{"error":"unknown command","message":"newSession","stacktrace":"WebDriverError@chrome://marionette/content/error.js:178: ... et@chrome://marionette/content/server.js:236:8\n_onJSONObjectReady/<@chrome://marionette/content/transport.js:490:9\n"},null]
1544695587878	geckodriver	INFO	geckodriver 0.19.1
1544695587894	geckodriver	INFO	Listening on 127.0.0.1:56340
1544695590004	mozrunner::runner	INFO	Running command: "e:\\Program Files\\Mozilla Firefox\\firefox.exe" "-marionette" "-profile" "C:\\Users\\fhtie\\AppData\\Local\\Temp\\rust_mozprofile.v54erEAXs955"
1544695591291	addons.webextension.screenshots@mozilla.org	WARN	Loading extension 'screenshots@mozilla.org': Reading manifest: Invalid host permission: resource://pdf.js/
1544695591291	addons.webextension.screenshots@mozilla.org	WARN	Loading extension 'screenshots@mozilla.org': Reading manifest: Invalid host permission: about:reader*
1544695591474	Marionette	DEBUG	Received observer notification profile-after-change
1544695591570	Marionette	DEBUG	Received observer notification toplevel-window-ready
1544695591616	Marionette	DEBUG	Received observer notification command-line-startup
1544695591616	Marionette	DEBUG	Received observer notification nsPref:changed
1544695591616	Marionette	DEBUG	Init aborted (running=false, enabled=true, finalUIStartup=false)
1544695591730	Marionette	DEBUG	Received observer notification toplevel-window-ready
1544695593307	Marionette	DEBUG	Received observer notification sessionstore-windows-restored
1544695593307	Marionette	DEBUG	GFX sanity window detected, waiting until it has been closed...
1544695593341	Marionette	DEBUG	Received observer notification domwindowclosed
1544695593341	Marionette	DEBUG	Waiting for delayed startup...
1544695593675	Marionette	DEBUG	Setting recommended pref app.update.disabledForTesting to true
1544695593675	Marionette	DEBUG	Setting recommended pref security.turn_off_all_security_so_that_viruses_can_take_over_this_computer to true
1544695593675	Marionette	DEBUG	Setting recommended pref browser.contentblocking.introCount to 99
1544695593676	Marionette	DEBUG	Setting recommended pref datareporting.policy.dataSubmissionPolicyAccepted to false
1544695593676	Marionette	DEBUG	Setting recommended pref dom.disable_beforeunload to true
1544695593677	Marionette	DEBUG	Setting recommended pref toolkit.cosmeticAnimations.enabled to false
1544695593731	Marionette	INFO	Listening on port 56346
1544695593732	Marionette	DEBUG	Remote service is active
1544695593801	Marionette	DEBUG	Accepted connection 0 from 127.0.0.1:56361
1544695593817	Marionette	TRACE	0 -> [0,1,"newSession",{"acceptInsecureCerts":true,"browserName":"firefox","capabilities":{"desiredCapabilities":{"acceptInsecureCerts":true,"browserName":"firefox"}}}]
1544695593818	Marionette	TRACE	0 <- [1,1,{"error":"unknown command","message":"newSession","stacktrace":"WebDriverError@chrome://marionette/content/error.js:178: ... et@chrome://marionette/content/server.js:236:8\n_onJSONObjectReady/<@chrome://marionette/content/transport.js:490:9\n"},null]
